<?xml version="1.0" encoding="UTF-8"?>
<!-- Generated by org.testng.reporters.JUnitReportReporter -->
<testsuite skipped="0" hostname="IBM031-PC0D6TLJ" name="Search.Pagination" tests="1" failures="0" timestamp="28 Sep 2018 15:58:00 GMT" time="0.002" errors="0">
  <testcase name="f" time="0.002" classname="Search.Pagination"/>
</testsuite> <!-- Search.Pagination -->
