<?xml version="1.0" encoding="UTF-8"?>
<!-- Generated by org.testng.reporters.JUnitReportReporter -->
<testsuite skipped="0" hostname="IBM031-PC0D6TLJ" name="Search.Utilities" tests="1" failures="0" timestamp="28 Sep 2018 17:39:56 GMT" time="0.205" errors="0">
  <testcase name="reading" time="0.205" classname="Search.Utilities"/>
</testsuite> <!-- Search.Utilities -->
