<?xml version="1.0" encoding="UTF-8"?>
<!-- Generated by org.testng.reporters.JUnitReportReporter -->
<testsuite skipped="0" hostname="DESKTOP-E5O59RI" name="Search.BasicSearch" tests="1" failures="0" timestamp="2020-05-01T15:37:05 IST" time="37.469" errors="0">
  <testcase name="basicSearchAction" time="37.469" classname="Search.BasicSearch"/>
  <system-out/>
</testsuite> <!-- Search.BasicSearch -->
