<?xml version="1.0" encoding="UTF-8"?>
<!-- Generated by org.testng.reporters.JUnitReportReporter -->
<testsuite skipped="0" hostname="DESKTOP-E5O59RI" name="Search.ResultPerPage" tests="1" failures="0" timestamp="2020-05-01T17:13:29 IST" time="30.462" errors="0">
  <testcase name="SearchandPagination" time="30.462" classname="Search.ResultPerPage"/>
  <system-out/>
</testsuite> <!-- Search.ResultPerPage -->
