<?xml version="1.0" encoding="UTF-8"?>
<!-- Generated by org.testng.reporters.JUnitReportReporter -->
<testsuite skipped="0" hostname="DESKTOP-E5O59RI" name="Search.SaveShare" tests="1" failures="0" timestamp="2020-05-01T20:10:49 IST" time="201.972" errors="0">
  <testcase name="saveSearchAction" time="201.972" classname="Search.SaveShare"/>
  <system-out/>
</testsuite> <!-- Search.SaveShare -->
